desc: --pages-as-heap=yes --massif-out-file=massif.out
cmd: ./test_inc.sh
time_unit: i
#-----------
snapshot=0
#-----------
time=0
mem_heap_B=114688
mem_heap_extra_B=0
mem_stacks_B=0
heap_tree=empty
#-----------
snapshot=1
#-----------
time=0
mem_heap_B=126976
mem_heap_extra_B=0
mem_stacks_B=0
heap_tree=empty
#-----------
snapshot=2
#-----------
time=0
mem_heap_B=135168
mem_heap_extra_B=0
mem_stacks_B=0
heap_tree=empty
#-----------
snapshot=3
#-----------
time=0
mem_heap_B=278528
mem_heap_extra_B=0
mem_stacks_B=0
heap_tree=empty
#-----------
snapshot=4
#-----------
time=0
mem_heap_B=286720
mem_heap_extra_B=0
mem_stacks_B=0
heap_tree=empty
#-----------
snapshot=5
#-----------
time=0
mem_heap_B=290816
mem_heap_extra_B=0
mem_stacks_B=0
heap_tree=empty
#-----------
snapshot=6
#-----------
time=0
mem_heap_B=294912
mem_heap_extra_B=0
mem_stacks_B=0
heap_tree=empty
#-----------
snapshot=7
#-----------
time=0
mem_heap_B=299008
mem_heap_extra_B=0
mem_stacks_B=0
heap_tree=empty
#-----------
snapshot=8
#-----------
time=0
mem_heap_B=307200
mem_heap_extra_B=0
mem_stacks_B=0
heap_tree=empty
#-----------
snapshot=9
#-----------
time=0
mem_heap_B=311296
mem_heap_extra_B=0
mem_stacks_B=0
heap_tree=detailed
n1: 311296 (page allocation syscalls) mmap/mremap/brk, --alloc-fns, etc.
 n0: 311296 0xFFFFFFFFFFFFFFFF: ???
#-----------
snapshot=10
#-----------
time=0
mem_heap_B=311296
mem_heap_extra_B=0
mem_stacks_B=0
heap_tree=empty
#-----------
snapshot=11
#-----------
time=3298
mem_heap_B=319488
mem_heap_extra_B=0
mem_stacks_B=0
heap_tree=empty
#-----------
snapshot=12
#-----------
time=7636
mem_heap_B=2424832
mem_heap_extra_B=0
mem_stacks_B=0
heap_tree=empty
#-----------
snapshot=13
#-----------
time=7717
mem_heap_B=2433024
mem_heap_extra_B=0
mem_stacks_B=0
heap_tree=empty
#-----------
snapshot=14
#-----------
time=11140
mem_heap_B=2527232
mem_heap_extra_B=0
mem_stacks_B=0
heap_tree=empty
#-----------
snapshot=15
#-----------
time=14006
mem_heap_B=6483968
mem_heap_extra_B=0
mem_stacks_B=0
heap_tree=empty
#-----------
snapshot=16
#-----------
time=14067
mem_heap_B=6508544
mem_heap_extra_B=0
mem_stacks_B=0
heap_tree=empty
#-----------
snapshot=17
#-----------
time=16014
mem_heap_B=6529024
mem_heap_extra_B=0
mem_stacks_B=0
heap_tree=empty
#-----------
snapshot=18
#-----------
time=19887
mem_heap_B=6533120
mem_heap_extra_B=0
mem_stacks_B=0
heap_tree=empty
#-----------
snapshot=19
#-----------
time=22091
mem_heap_B=6541312
mem_heap_extra_B=0
mem_stacks_B=0
heap_tree=detailed
n2: 6541312 (page allocation syscalls) mmap/mremap/brk, --alloc-fns, etc.
 n3: 6230016 0x4019659: mmap (syscall-template.S:81)
  n1: 6062080 0x4006B20: _dl_map_object_from_fd (dl-load.c:1293)
   n2: 6062080 0x4008DFE: _dl_map_object (dl-load.c:2605)
    n1: 3956736 0x400D600: openaux (dl-deps.c:63)
     n1: 3956736 0x400FFF2: _dl_catch_error (dl-error.c:187)
      n1: 3956736 0x400DD03: _dl_map_object_deps (dl-deps.c:254)
       n1: 3956736 0x400315B: dl_main (rtld.c:1742)
        n1: 3956736 0x4017563: _dl_sysdep_start (dl-sysdep.c:249)
         n1: 3956736 0x4004CF6: _dl_start (rtld.c:332)
          n1: 3956736 0x40012D6: ??? (in /lib/x86_64-linux-gnu/ld-2.19.so)
           n1: 3956736 0x0: ???
            n1: 3956736 0xFFF000771: ???
             n0: 3956736 0xFFF000779: ???
    n1: 2105344 0x40014BC: map_doit (rtld.c:627)
     n1: 2105344 0x400FFF2: _dl_catch_error (dl-error.c:187)
      n1: 2105344 0x4000B2D: do_preload (rtld.c:816)
       n1: 2105344 0x400446B: dl_main (rtld.c:1633)
        n1: 2105344 0x4017563: _dl_sysdep_start (dl-sysdep.c:249)
         n1: 2105344 0x4004CF6: _dl_start (rtld.c:332)
          n1: 2105344 0x40012D6: ??? (in /lib/x86_64-linux-gnu/ld-2.19.so)
           n1: 2105344 0x0: ???
            n1: 2105344 0xFFF000771: ???
             n0: 2105344 0xFFF000779: ???
  n1: 94208 0x40110A3: _dl_sysdep_read_whole_file (dl-misc.c:62)
   n1: 94208 0x4016F1D: _dl_load_cache_lookup (dl-cache.c:196)
    n1: 94208 0x40090AD: _dl_map_object (dl-load.c:2468)
     n1: 94208 0x400D600: openaux (dl-deps.c:63)
      n1: 94208 0x400FFF2: _dl_catch_error (dl-error.c:187)
       n1: 94208 0x400DD03: _dl_map_object_deps (dl-deps.c:254)
        n1: 94208 0x400315B: dl_main (rtld.c:1742)
         n1: 94208 0x4017563: _dl_sysdep_start (dl-sysdep.c:249)
          n1: 94208 0x4004CF6: _dl_start (rtld.c:332)
           n1: 94208 0x40012D6: ??? (in /lib/x86_64-linux-gnu/ld-2.19.so)
            n1: 94208 0x0: ???
             n1: 94208 0xFFF000771: ???
              n0: 94208 0xFFF000779: ???
  n0: 73728 in 3 places, all below massif's threshold (01.00%)
 n0: 311296 0xFFFFFFFFFFFFFFFF: ???
#-----------
snapshot=20
#-----------
time=194979
mem_heap_B=6451200
mem_heap_extra_B=0
mem_stacks_B=0
heap_tree=peak
n2: 6451200 (page allocation syscalls) mmap/mremap/brk, --alloc-fns, etc.
 n2: 6139904 0x4019659: mmap (syscall-template.S:81)
  n1: 6062080 0x4006B20: _dl_map_object_from_fd (dl-load.c:1293)
   n2: 6062080 0x4008DFE: _dl_map_object (dl-load.c:2605)
    n1: 3956736 0x400D600: openaux (dl-deps.c:63)
     n1: 3956736 0x400FFF2: _dl_catch_error (dl-error.c:187)
      n1: 3956736 0x400DD03: _dl_map_object_deps (dl-deps.c:254)
       n1: 3956736 0x400315B: dl_main (rtld.c:1742)
        n1: 3956736 0x4017563: _dl_sysdep_start (dl-sysdep.c:249)
         n1: 3956736 0x4004CF6: _dl_start (rtld.c:332)
          n1: 3956736 0x40012D6: ??? (in /lib/x86_64-linux-gnu/ld-2.19.so)
           n1: 3956736 0x0: ???
            n1: 3956736 0xFFF000771: ???
             n0: 3956736 0xFFF000779: ???
    n1: 2105344 0x40014BC: map_doit (rtld.c:627)
     n1: 2105344 0x400FFF2: _dl_catch_error (dl-error.c:187)
      n1: 2105344 0x4000B2D: do_preload (rtld.c:816)
       n1: 2105344 0x400446B: dl_main (rtld.c:1633)
        n1: 2105344 0x4017563: _dl_sysdep_start (dl-sysdep.c:249)
         n1: 2105344 0x4004CF6: _dl_start (rtld.c:332)
          n1: 2105344 0x40012D6: ??? (in /lib/x86_64-linux-gnu/ld-2.19.so)
           n1: 2105344 0x0: ???
            n1: 2105344 0xFFF000771: ???
             n0: 2105344 0xFFF000779: ???
  n0: 77824 in 4 places, all below massif's threshold (01.00%)
 n0: 311296 0xFFFFFFFFFFFFFFFF: ???
#-----------
snapshot=21
#-----------
time=194979
mem_heap_B=6447104
mem_heap_extra_B=0
mem_stacks_B=0
heap_tree=empty
#-----------
snapshot=22
#-----------
time=256124
mem_heap_B=6582272
mem_heap_extra_B=0
mem_stacks_B=0
heap_tree=empty
